[21/Sep/2021:05:27:35] (I): WordPress Instance Info:
[21/Sep/2021:05:27:35] (I): Home URL : http://localhost:81/wp_live_tehnikac
[21/Sep/2021:05:27:35] (I): Site URL : http://localhost:81/wp_live_tehnikac
[21/Sep/2021:05:27:35] (I): WordPress Version : 5.8.1
[21/Sep/2021:05:27:35] (I): Onboarding Version : 1.1.17
[21/Sep/2021:05:27:35] (I): Multisite : No
[21/Sep/2021:05:27:35] (I): Server Info : Apache/2.4.38 (Win64) OpenSSL/1.1.1b PHP/7.3.3
[21/Sep/2021:05:27:35] (I): PHP Version : 7.3.3
[21/Sep/2021:05:27:35] (I): HTTPS : No
[21/Sep/2021:05:27:35] (I): PHP Max Execution Time : 600
[21/Sep/2021:05:27:35] (I): PHP Max Input Vars : 1000
[21/Sep/2021:05:27:35] (I): Max Upload Size : 2097152
[21/Sep/2021:05:27:35] (I): Plugins:
[21/Sep/2021:05:27:35] (I): [PLUGIN] Templates Patterns Collection : v1.1.17 (ThemeIsle)
[21/Sep/2021:05:27:35] (P): Saving remote XML
[21/Sep/2021:05:27:35] (S): Saved remote XML at path E:\xampp\htdocs\wp_live_tehnikac/wp-content/uploads/themeisle-demo-import.xml.
[21/Sep/2021:05:27:35] (P): Starting content import...
[21/Sep/2021:05:27:35] (S): Import started.
[21/Sep/2021:05:27:35] (S): Parsing XML file.
[21/Sep/2021:05:27:35] (P): Starting parsing file:E:\xampp\htdocs\wp_live_tehnikac/wp-content/uploads/themeisle-demo-import.xml
[21/Sep/2021:05:27:35] (P): Using WXR_Parser_SimpleXML...
[21/Sep/2021:05:27:35] (S): Parsed XML
[21/Sep/2021:05:27:35] (P): Processing categories...
[21/Sep/2021:05:27:35] (S): Processed categories.
[21/Sep/2021:05:27:35] (P): Processing tags...
[21/Sep/2021:05:27:35] (S): No tags to process.
[21/Sep/2021:05:27:35] (P): Processing terms...
[21/Sep/2021:05:27:35] (W): Failed to import tcb_symbols_tax Footers
[21/Sep/2021:05:27:35] (E): Invalid taxonomy.
[21/Sep/2021:05:27:35] (W): Failed to import tcb_symbols_tax Headers
[21/Sep/2021:05:27:35] (E): Invalid taxonomy.
[21/Sep/2021:05:27:35] (S): Processed terms.
[21/Sep/2021:05:27:35] (P): Processing posts...
[21/Sep/2021:05:27:35] (P): Processing attachment: https://s33834.pcdn.co/web-agency-gb/wp-content/uploads/sites/422/2020/01/neve-webdesign-GB-01.png...
[21/Sep/2021:05:27:35] (P): Fetching attachment from url: https://s33834.pcdn.co/web-agency-gb/wp-content/uploads/sites/422/2020/01/neve-webdesign-GB-01.png...
[21/Sep/2021:05:27:36] (S): Fetched remote attachment.
[21/Sep/2021:05:27:36] (P): Inserting attachment...
[21/Sep/2021:05:27:36] (S): Attachment inserted
[21/Sep/2021:05:27:36] (S): Processed attachment.
[21/Sep/2021:05:27:36] (P): Processing attachment: https://s33834.pcdn.co/web-agency-gb/wp-content/uploads/sites/422/2020/01/neve-webdesign-GB-03.png...
[21/Sep/2021:05:27:36] (P): Fetching attachment from url: https://s33834.pcdn.co/web-agency-gb/wp-content/uploads/sites/422/2020/01/neve-webdesign-GB-03.png...
[21/Sep/2021:05:27:36] (S): Fetched remote attachment.
[21/Sep/2021:05:27:36] (P): Inserting attachment...
[21/Sep/2021:05:27:36] (S): Attachment inserted
[21/Sep/2021:05:27:36] (S): Processed attachment.
[21/Sep/2021:05:27:36] (P): Processing attachment: https://s33834.pcdn.co/web-agency-gb/wp-content/uploads/sites/422/2020/01/neve-webdesign-GB-04.png...
[21/Sep/2021:05:27:36] (P): Fetching attachment from url: https://s33834.pcdn.co/web-agency-gb/wp-content/uploads/sites/422/2020/01/neve-webdesign-GB-04.png...
[21/Sep/2021:05:27:36] (S): Fetched remote attachment.
[21/Sep/2021:05:27:36] (P): Inserting attachment...
[21/Sep/2021:05:27:36] (S): Attachment inserted
[21/Sep/2021:05:27:36] (S): Processed attachment.
[21/Sep/2021:05:27:36] (P): Processing attachment: https://s33834.pcdn.co/web-agency-gb/wp-content/uploads/sites/422/2020/01/neve-web-design-bg-08.jpg...
[21/Sep/2021:05:27:36] (P): Fetching attachment from url: https://s33834.pcdn.co/web-agency-gb/wp-content/uploads/sites/422/2020/01/neve-web-design-bg-08.jpg...
[21/Sep/2021:05:27:36] (S): Fetched remote attachment.
[21/Sep/2021:05:27:36] (P): Inserting attachment...
[21/Sep/2021:05:27:36] (S): Attachment inserted
[21/Sep/2021:05:27:36] (S): Processed attachment.
[21/Sep/2021:05:27:36] (P): Processing attachment: https://s33834.pcdn.co/web-agency-gb/wp-content/uploads/sites/422/2020/01/neve-web-design-bg-09.jpg...
[21/Sep/2021:05:27:36] (P): Fetching attachment from url: https://s33834.pcdn.co/web-agency-gb/wp-content/uploads/sites/422/2020/01/neve-web-design-bg-09.jpg...
[21/Sep/2021:05:27:36] (S): Fetched remote attachment.
[21/Sep/2021:05:27:36] (P): Inserting attachment...
[21/Sep/2021:05:27:36] (S): Attachment inserted
[21/Sep/2021:05:27:36] (S): Processed attachment.
[21/Sep/2021:05:27:36] (P): Processing attachment: https://s33834.pcdn.co/web-agency-gb/wp-content/uploads/sites/422/2020/01/neve-web-design-bg-10.jpg...
[21/Sep/2021:05:27:36] (P): Fetching attachment from url: https://s33834.pcdn.co/web-agency-gb/wp-content/uploads/sites/422/2020/01/neve-web-design-bg-10.jpg...
[21/Sep/2021:05:27:36] (S): Fetched remote attachment.
[21/Sep/2021:05:27:36] (P): Inserting attachment...
[21/Sep/2021:05:27:36] (S): Attachment inserted
[21/Sep/2021:05:27:36] (S): Processed attachment.
[21/Sep/2021:05:27:36] (P): Processing attachment: https://s33834.pcdn.co/web-agency-gb/wp-content/uploads/sites/422/2020/01/neve-web-design-bg-11.jpg...
[21/Sep/2021:05:27:36] (P): Fetching attachment from url: https://s33834.pcdn.co/web-agency-gb/wp-content/uploads/sites/422/2020/01/neve-web-design-bg-11.jpg...
[21/Sep/2021:05:27:37] (S): Fetched remote attachment.
[21/Sep/2021:05:27:37] (P): Inserting attachment...
[21/Sep/2021:05:27:37] (S): Attachment inserted
[21/Sep/2021:05:27:37] (S): Processed attachment.
[21/Sep/2021:05:27:37] (P): Processing attachment: https://s33834.pcdn.co/web-agency-gb/wp-content/uploads/sites/422/2020/01/neve-web-design-bg-12.jpg...
[21/Sep/2021:05:27:37] (P): Fetching attachment from url: https://s33834.pcdn.co/web-agency-gb/wp-content/uploads/sites/422/2020/01/neve-web-design-bg-12.jpg...
[21/Sep/2021:05:27:37] (S): Fetched remote attachment.
[21/Sep/2021:05:27:37] (P): Inserting attachment...
[21/Sep/2021:05:27:37] (S): Attachment inserted
[21/Sep/2021:05:27:37] (S): Processed attachment.
[21/Sep/2021:05:27:37] (P): Processing attachment: https://s33834.pcdn.co/web-agency-gb/wp-content/uploads/sites/422/2020/01/neve-web-design-bg-13.jpg...
[21/Sep/2021:05:27:37] (P): Fetching attachment from url: https://s33834.pcdn.co/web-agency-gb/wp-content/uploads/sites/422/2020/01/neve-web-design-bg-13.jpg...
[21/Sep/2021:05:27:37] (S): Fetched remote attachment.
[21/Sep/2021:05:27:37] (P): Inserting attachment...
[21/Sep/2021:05:27:37] (S): Attachment inserted
[21/Sep/2021:05:27:37] (S): Processed attachment.
[21/Sep/2021:05:27:37] (P): Processing attachment: https://s33834.pcdn.co/web-agency-gb/wp-content/uploads/sites/422/2020/01/neve-web-design-bg-14.jpg...
[21/Sep/2021:05:27:37] (P): Fetching attachment from url: https://s33834.pcdn.co/web-agency-gb/wp-content/uploads/sites/422/2020/01/neve-web-design-bg-14.jpg...
[21/Sep/2021:05:27:37] (S): Fetched remote attachment.
[21/Sep/2021:05:27:37] (P): Inserting attachment...
[21/Sep/2021:05:27:37] (S): Attachment inserted
[21/Sep/2021:05:27:37] (S): Processed attachment.
[21/Sep/2021:05:27:37] (P): Processing attachment: https://s33834.pcdn.co/web-agency-gb/wp-content/uploads/sites/422/2020/01/neve-web-design-bg-15.jpg...
[21/Sep/2021:05:27:37] (P): Fetching attachment from url: https://s33834.pcdn.co/web-agency-gb/wp-content/uploads/sites/422/2020/01/neve-web-design-bg-15.jpg...
[21/Sep/2021:05:27:37] (S): Fetched remote attachment.
[21/Sep/2021:05:27:37] (P): Inserting attachment...
[21/Sep/2021:05:27:37] (S): Attachment inserted
[21/Sep/2021:05:27:37] (S): Processed attachment.
[21/Sep/2021:05:27:37] (P): Processing attachment: https://s33834.pcdn.co/web-agency-gb/wp-content/uploads/sites/422/2020/06/cropped-web-agency-icon.png...
[21/Sep/2021:05:27:37] (P): Fetching attachment from url: https://s33834.pcdn.co/web-agency-gb/wp-content/uploads/sites/422/2020/06/cropped-web-agency-icon.png...
[21/Sep/2021:05:27:37] (S): Fetched remote attachment.
[21/Sep/2021:05:27:37] (P): Inserting attachment...
[21/Sep/2021:05:27:37] (S): Attachment inserted
[21/Sep/2021:05:27:37] (S): Processed attachment.
[21/Sep/2021:05:27:37] (P): Processing attachment: https://s33834.pcdn.co/web-agency-gb/wp-content/uploads/sites/422/2020/07/web-design-studio-01.jpg.jpg...
[21/Sep/2021:05:27:37] (P): Fetching attachment from url: https://s33834.pcdn.co/web-agency-gb/wp-content/uploads/sites/422/2020/07/web-design-studio-01.jpg.jpg...
[21/Sep/2021:05:27:38] (S): Fetched remote attachment.
[21/Sep/2021:05:27:38] (P): Inserting attachment...
[21/Sep/2021:05:27:38] (S): Attachment inserted
[21/Sep/2021:05:27:38] (S): Processed attachment.
[21/Sep/2021:05:27:38] (P): Processing attachment: https://s33834.pcdn.co/web-agency-gb/wp-content/uploads/sites/422/2020/12/web-agency-logo-3.png...
[21/Sep/2021:05:27:38] (P): Fetching attachment from url: https://s33834.pcdn.co/web-agency-gb/wp-content/uploads/sites/422/2020/12/web-agency-logo-3.png...
[21/Sep/2021:05:27:38] (S): Fetched remote attachment.
[21/Sep/2021:05:27:38] (P): Inserting attachment...
[21/Sep/2021:05:27:38] (S): Attachment inserted
[21/Sep/2021:05:27:38] (S): Processed attachment.
[21/Sep/2021:05:27:38] (P): Processing attachment: https://s33834.pcdn.co/web-agency-gb/wp-content/uploads/sites/422/2020/12/neve-web-design-studio-02.1.jpg...
[21/Sep/2021:05:27:38] (P): Fetching attachment from url: https://s33834.pcdn.co/web-agency-gb/wp-content/uploads/sites/422/2020/12/neve-web-design-studio-02.1.jpg...
[21/Sep/2021:05:27:38] (S): Fetched remote attachment.
[21/Sep/2021:05:27:38] (P): Inserting attachment...
[21/Sep/2021:05:27:38] (S): Attachment inserted
[21/Sep/2021:05:27:38] (S): Processed attachment.
[21/Sep/2021:05:27:38] (P): Processing attachment: https://s33834.pcdn.co/web-agency-gb/wp-content/uploads/sites/422/2020/12/neve-web-design-studio-03.1.jpg...
[21/Sep/2021:05:27:38] (P): Fetching attachment from url: https://s33834.pcdn.co/web-agency-gb/wp-content/uploads/sites/422/2020/12/neve-web-design-studio-03.1.jpg...
[21/Sep/2021:05:27:38] (S): Fetched remote attachment.
[21/Sep/2021:05:27:38] (P): Inserting attachment...
[21/Sep/2021:05:27:38] (S): Attachment inserted
[21/Sep/2021:05:27:38] (S): Processed attachment.
[21/Sep/2021:05:27:38] (P): Processing attachment: https://s33834.pcdn.co/web-agency-gb/wp-content/uploads/sites/422/2020/12/neve-web-design-studio-04.1.jpg...
[21/Sep/2021:05:27:38] (P): Fetching attachment from url: https://s33834.pcdn.co/web-agency-gb/wp-content/uploads/sites/422/2020/12/neve-web-design-studio-04.1.jpg...
[21/Sep/2021:05:27:38] (S): Fetched remote attachment.
[21/Sep/2021:05:27:38] (P): Inserting attachment...
[21/Sep/2021:05:27:38] (S): Attachment inserted
[21/Sep/2021:05:27:38] (S): Processed attachment.
[21/Sep/2021:05:27:38] (P): Processing attachment: https://s33834.pcdn.co/web-agency-gb/wp-content/uploads/sites/422/2020/12/neve-web-design-studio-07.1.png...
[21/Sep/2021:05:27:38] (P): Fetching attachment from url: https://s33834.pcdn.co/web-agency-gb/wp-content/uploads/sites/422/2020/12/neve-web-design-studio-07.1.png...
[21/Sep/2021:05:27:39] (S): Fetched remote attachment.
[21/Sep/2021:05:27:39] (P): Inserting attachment...
[21/Sep/2021:05:27:39] (S): Attachment inserted
[21/Sep/2021:05:27:39] (S): Processed attachment.
[21/Sep/2021:05:27:39] (P): Processing attachment: https://s33834.pcdn.co/web-agency-gb/wp-content/uploads/sites/422/2021/06/phone-sm.png...
[21/Sep/2021:05:27:39] (P): Fetching attachment from url: https://s33834.pcdn.co/web-agency-gb/wp-content/uploads/sites/422/2021/06/phone-sm.png...
[21/Sep/2021:05:27:39] (S): Fetched remote attachment.
[21/Sep/2021:05:27:39] (P): Inserting attachment...
[21/Sep/2021:05:27:39] (S): Attachment inserted
[21/Sep/2021:05:27:39] (S): Processed attachment.
[21/Sep/2021:05:27:39] (P): Processing attachment: https://s33834.pcdn.co/web-agency-gb/wp-content/uploads/sites/422/2021/06/location-sm.png...
[21/Sep/2021:05:27:39] (P): Fetching attachment from url: https://s33834.pcdn.co/web-agency-gb/wp-content/uploads/sites/422/2021/06/location-sm.png...
[21/Sep/2021:05:27:39] (S): Fetched remote attachment.
[21/Sep/2021:05:27:39] (P): Inserting attachment...
[21/Sep/2021:05:27:39] (S): Attachment inserted
[21/Sep/2021:05:27:39] (S): Processed attachment.
[21/Sep/2021:05:27:39] (P): Inserting post: 5 UX Principles for Creating a Great Website .
[21/Sep/2021:05:27:39] (S): Done inserting post: 5 UX Principles for Creating a Great Website .
[21/Sep/2021:05:27:39] (P): Inserting page: News .
[21/Sep/2021:05:27:39] (S): Done inserting page: News .
[21/Sep/2021:05:27:39] (P): Inserting page: Home .
[21/Sep/2021:05:27:39] (S): Done inserting page: Home .
[21/Sep/2021:05:27:39] (P): Processing single menu item ' '...
[21/Sep/2021:05:27:39] (S): Processed single menu item.
[21/Sep/2021:05:27:39] (P): Processing single menu item ' '...
[21/Sep/2021:05:27:39] (S): Processed single menu item.
[21/Sep/2021:05:27:39] (P): Inserting post: Web Design Trends for 2020 .
[21/Sep/2021:05:27:39] (S): Done inserting post: Web Design Trends for 2020 .
[21/Sep/2021:05:27:39] (P): Inserting post: A Simple Guide to Design Thinking .
[21/Sep/2021:05:27:40] (S): Done inserting post: A Simple Guide to Design Thinking .
[21/Sep/2021:05:27:40] (P): Inserting wp_block: 3 column section .
[21/Sep/2021:05:27:40] (S): Done inserting wp_block: 3 column section .
[21/Sep/2021:05:27:40] (P): Inserting page: About Us .
[21/Sep/2021:05:27:40] (S): Done inserting page: About Us .
[21/Sep/2021:05:27:40] (P): Processing single menu item ' '...
[21/Sep/2021:05:27:40] (S): Processed single menu item.
[21/Sep/2021:05:27:40] (P): Inserting page: Portfolio .
[21/Sep/2021:05:27:40] (S): Done inserting page: Portfolio .
[21/Sep/2021:05:27:40] (P): Inserting page: Portfolio Single .
[21/Sep/2021:05:27:40] (S): Done inserting page: Portfolio Single .
[21/Sep/2021:05:27:40] (P): Processing single menu item ' '...
[21/Sep/2021:05:27:40] (S): Processed single menu item.
[21/Sep/2021:05:27:40] (P): Processing single menu item ' '...
[21/Sep/2021:05:27:40] (S): Processed single menu item.
[21/Sep/2021:05:27:40] (P): Inserting page: Contact Us .
[21/Sep/2021:05:27:40] (S): Done inserting page: Contact Us .
[21/Sep/2021:05:27:40] (P): Processing single menu item ' '...
[21/Sep/2021:05:27:40] (S): Processed single menu item.
[21/Sep/2021:05:27:40] (P): Inserting wp_block: Team Social Icons .
[21/Sep/2021:05:27:40] (S): Done inserting wp_block: Team Social Icons .
[21/Sep/2021:05:27:40] (P): Inserting custom_css: neve .
[21/Sep/2021:05:27:40] (S): Done inserting custom_css: neve .
[21/Sep/2021:05:27:40] (P): Processing attachment: https://s33834.pcdn.co/web-agency-gb/wp-content/uploads/sites/422/2021/06/email-sm.png...
[21/Sep/2021:05:27:40] (P): Fetching attachment from url: https://s33834.pcdn.co/web-agency-gb/wp-content/uploads/sites/422/2021/06/email-sm.png...
[21/Sep/2021:05:27:40] (S): Fetched remote attachment.
[21/Sep/2021:05:27:40] (P): Inserting attachment...
[21/Sep/2021:05:27:40] (S): Attachment inserted
[21/Sep/2021:05:27:40] (S): Processed attachment.
[21/Sep/2021:05:27:40] (S): Processed posts.
[21/Sep/2021:05:27:41] (P): Cleaning up import with id ...
[21/Sep/2021:05:27:41] (P): Done cleanup. Flushing cache...
[21/Sep/2021:05:27:41] (P): Flushed cache. Removing temporary data..
[21/Sep/2021:05:27:41] (S): Done importing
[21/Sep/2021:05:27:41] (P): Busting elementor cache
[21/Sep/2021:05:27:41] (S): Front page set up with id: 5.
